----------

Mon May 10 2021 15:27:04 GMT-0500 (Central Daylight Time)

Script /Users/robertwrobel/Schmittware/reviewsite/jackschmittwoodriver.github.io/export.sh couldn't be run

----------

Mon May 10 2021 15:29:34 GMT-0500 (Central Daylight Time)

Script /Users/robertwrobel/Schmittware/reviewsite/jackschmittwoodriver.github.io/export.sh couldn't be run

----------

Mon May 10 2021 15:31:12 GMT-0500 (Central Daylight Time)

Script /Users/robertwrobel/Schmittware/reviewsite/jackschmittwoodriver.github.io/export.sh couldn't be run

----------

Mon May 10 2021 15:31:59 GMT-0500 (Central Daylight Time)

/Users/robertwrobel/Schmittware/reviewsite/jackschmittwoodriver.github.io/export.sh:cd:2: no such file or directory: Schmittware/reviewsite/jackschmittwoodriver.github.io/


----------

Mon May 10 2021 15:31:59 GMT-0500 (Central Daylight Time)

fatal: not a git repository (or any of the parent directories): .git


----------

Mon May 10 2021 15:31:59 GMT-0500 (Central Daylight Time)

fatal: not a git repository (or any of the parent directories): .git


----------

Mon May 10 2021 15:31:59 GMT-0500 (Central Daylight Time)

fatal: not a git repository (or any of the parent directories): .git


----------

Mon May 10 2021 15:33:11 GMT-0500 (Central Daylight Time)

/Users/robertwrobel/Schmittware/reviewsite/jackschmittwoodriver.github.io/export.sh:cd:2: no such file or directory: Schmittware/reviewsite/jackschmittwoodriver.github.io/


----------

Mon May 10 2021 15:33:11 GMT-0500 (Central Daylight Time)

fatal: not a git repository (or any of the parent directories): .git


----------

Mon May 10 2021 15:33:11 GMT-0500 (Central Daylight Time)

fatal: not a git repository (or any of the parent directories): .git


----------

Mon May 10 2021 15:33:11 GMT-0500 (Central Daylight Time)

fatal: not a git repository (or any of the parent directories): .git


----------

Mon May 10 2021 15:33:49 GMT-0500 (Central Daylight Time)

fatal: not a git repository (or any of the parent directories): .git


----------

Mon May 10 2021 15:33:49 GMT-0500 (Central Daylight Time)

fatal: not a git repository (or any of the parent directories): .git


----------

Mon May 10 2021 15:33:49 GMT-0500 (Central Daylight Time)

fatal: not a git repository (or any of the parent directories): .git


